* using log directory ‘/home/runner/work/IOBR/IOBR/..Rcheck’
* using R version 4.3.3 (2024-02-29)
* using platform: x86_64-pc-linux-gnu (64-bit)
* R was compiled by
    gcc (Ubuntu 13.2.0-23ubuntu3) 13.2.0
    GNU Fortran (Ubuntu 13.2.0-23ubuntu3) 13.2.0
* running under: Ubuntu 24.04.3 LTS
* using session charset: UTF-8
* using options ‘--no-examples --no-tests --no-manual --no-vignettes --no-build-vignettes’
* checking for file ‘./DESCRIPTION’ ... OK
* this is package ‘IOBR’ version ‘2.0.0’
* package encoding: UTF-8
* checking package namespace information ... OK
* checking package dependencies ... ERROR
Packages required but not available:
  'biomaRt', 'caret', 'clusterProfiler', 'ComplexHeatmap', 'corrplot',
  'cowplot', 'DESeq2', 'devtools', 'dplyr', 'e1071', 'ggplot2',
  'ggpubr', 'glmnet', 'GSVA', 'limma', 'limSolve', 'matrixStats',
  'patchwork', 'ppcor', 'pracma', 'preprocessCore', 'purrr', 'Seurat',
  'stringr', 'survminer', 'tibble', 'tidyHeatmap', 'tidyr',
  'tidyverse', 'timeROC', 'WGCNA'

Packages suggested but not available for checking:
  'easier', 'knitr', 'prettydoc', 'rmarkdown', 'testthat'

VignetteBuilder package required for checking but not installed: ‘knitr’

See section ‘The DESCRIPTION file’ in the ‘Writing R Extensions’
manual.
* DONE
Status: 1 ERROR
